<?xml version="1.0" encoding="UTF-8"?>
<Site BuildName="(empty)"
	BuildStamp="20220108-1301-Experimental"
	Name="(empty)"
	Generator="ctest-3.18.4"
	CompilerName=""
	CompilerVersion=""
	OSName="Linux"
	Hostname="dani-System-Product-Name"
	OSRelease="5.11.0-44-generic"
	OSVersion="#48-Ubuntu SMP Fri Dec 10 09:46:22 UTC 2021"
	OSPlatform="x86_64"
	Is64Bits="1"
	VendorString="GenuineIntel"
	VendorID="Intel Corporation"
	FamilyID="6"
	ModelID="58"
	ProcessorCacheSize="8192"
	NumberOfLogicalCPU="8"
	NumberOfPhysicalCPU="4"
	TotalVirtualMemory="979"
	TotalPhysicalMemory="15692"
	LogicalProcessorsPerPhysical="2"
	ProcessorClockFrequency="3900"
	>
	<Testing>
		<StartDateTime>Jan 08 14:01 CET</StartDateTime>
		<StartTestTime>1641646872</StartTestTime>
		<TestList/>
		<EndDateTime>Jan 08 14:01 CET</EndDateTime>
		<EndTestTime>1641646872</EndTestTime>
		<ElapsedMinutes>0</ElapsedMinutes>
	</Testing>
</Site>
