Start testing: Jan 08 14:00 CET
----------------------------------------------------------
1/2 Testing: Run1
1/2 Test: Run1
Command: "/home/dani/trabajo/proyectos/dabal/out/build/Clang Linux/tests/tests" "-t" "callbacks"
Directory: /home/dani/trabajo/proyectos/dabal/out/build/Clang Linux/tests
"Run1" start time: Jan 08 14:00 CET
Output:
----------------------------------------------------------
[2022-01-08 14:00:10.036] [info] Probando spdlog 1.9.2  !
[2022-01-08 14:00:10.036] [error] Prueba error
[2022-01-08 14:00:10.036] [error] Prueba error 2
Running main with 3 arguments:
	/home/dani/trabajo/proyectos/dabal/out/build/Clang Linux/tests/tests
	-t
	callbacks
Running test: callbacks
f1 5
f1 5
f2 6
<end of output>
Test time =   0.00 sec
----------------------------------------------------------
Test Passed.
"Run1" end time: Jan 08 14:00 CET
"Run1" time elapsed: 00:00:00
----------------------------------------------------------

2/2 Testing: Run2
2/2 Test: Run2
Command: "/home/dani/trabajo/proyectos/dabal/out/build/Clang Linux/tests/tests" "-t" "callbacks"
Directory: /home/dani/trabajo/proyectos/dabal/out/build/Clang Linux/tests
"Run2" start time: Jan 08 14:00 CET
Output:
----------------------------------------------------------
[2022-01-08 14:00:10.040] [info] Probando spdlog 1.9.2  !
[2022-01-08 14:00:10.040] [error] Prueba error
[2022-01-08 14:00:10.040] [error] Prueba error 2
Running main with 3 arguments:
	/home/dani/trabajo/proyectos/dabal/out/build/Clang Linux/tests/tests
	-t
	callbacks
Running test: callbacks
f1 5
f1 5
f2 6
<end of output>
Test time =   0.00 sec
----------------------------------------------------------
Test Passed.
"Run2" end time: Jan 08 14:00 CET
"Run2" time elapsed: 00:00:00
----------------------------------------------------------

End testing: Jan 08 14:00 CET
